<?xml version="1.0" encoding="UTF-8"?>
<testsuite name="com.bridgelabz.fundoopush.UserRegistration" tests="1" skipped="0" failures="0" errors="0" timestamp="2019-12-31T12:21:20" hostname="admin1-desktop" time="1.181">
  <properties/>
  <testcase name="givenJOBPOSTApi_whenAllCredentialAreCorrect_shouldReturnCode" classname="com.bridgelabz.fundoopush.UserRegistration" time="1.181"/>
  <system-out><![CDATA[{
    "status": false,
    "status_code": 500,
    "message": "Something bad happened. Please contact system administrator or try again"
}
{
    "status": false,
    "status_code": 500,
    "message": "Something bad happened. Please contact system administrator or try again"
}
Redirect Successfull...200
]]></system-out>
  <system-err><![CDATA[]]></system-err>
</testsuite>
