<?xml version="1.0" encoding="UTF-8"?>
<testsuite name="com.bridgelabz.fundoopush.UserRegistration" tests="1" skipped="0" failures="0" errors="0" timestamp="2019-12-31T10:30:59" hostname="admin1-desktop" time="1.111">
  <properties/>
  <testcase name="givenHashTagEditApi_WhenTokenAndHashTagBodyIscorrectButAPI_Incorrect_ShouldReturnStatusCode" classname="com.bridgelabz.fundoopush.UserRegistration" time="1.111"/>
  <system-out><![CDATA[<html lang="en">
  <head>
    <meta charset="utf-8"/>
    <title>Error</title>
  </head>
  <body>
    <pre>Cannot POST /hashtag/edit123</pre>
  </body>
</html>
<html lang="en">
  <head>
    <meta charset="utf-8"/>
    <title>Error</title>
  </head>
  <body>
    <pre>Cannot POST /hashtag/edit123</pre>
  </body>
</html>
Redirect successfull...404
]]></system-out>
  <system-err><![CDATA[]]></system-err>
</testsuite>
