<?xml version="1.0" encoding="UTF-8"?>
<testsuite name="com.bridgelabz.fundoopush.UserRegistration" tests="1" skipped="0" failures="0" errors="0" timestamp="2020-01-02T12:17:49" hostname="admin1-desktop" time="1.656">
  <properties/>
  <testcase name="givenJobIdAndHashtagId_WhenCorrect_ShouldRemoveTheHashtagFromExistingJob" classname="com.bridgelabz.fundoopush.UserRegistration" time="1.656"/>
  <system-out><![CDATA[{"status":true,"message":"Logged in Successfully","data":{"_id":"5e0982c54d22670032530f0d","email":"usahu998@gmail.com","password":"$2b$10$vvEj36YypYzWQtS18Su/x.Eb62rXqQV6BjO0gr1y6rFW.4C2szZXa","creator_stamp":"2019-12-30T04:53:25.304Z","update_stamp":"2020-01-02T12:15:47.719Z","__v":0},"token":"eyJhbGciOiJIUzI1NiIsInR5cCI6IkpXVCJ9.eyJkYXRhIjp7Il9pZCI6IjVlMDk4MmM1NGQyMjY3MDAzMjUzMGYwZCJ9LCJpYXQiOjE1Nzc5Njc0NzAsImV4cCI6MTU3ODA1Mzg3MH0.8Rbd7x1ylVxhtYYlyARHp8KIjGG7f77v6gvYBkWYd-w"}
{"status":true,"message":"Jobs hashtag removed successfully","data":{"n":1,"nModified":0,"ok":1}}
]]></system-out>
  <system-err><![CDATA[]]></system-err>
</testsuite>
